--------------------------------------------------------------------------------
Release 14.7 Trace  (nt64)
Copyright (c) 1995-2013 Xilinx, Inc.  All rights reserved.

C:\Xilinx\14.7\ISE_DS\ISE\bin\nt64\unwrapped\trce.exe -intstyle ise -v 3 -s 3
-n 3 -fastpaths -xml IO_Bus.twx IO_Bus.ncd -o IO_Bus.twr IO_Bus.pcf -ucf
IO_Bus.ucf

Design file:              IO_Bus.ncd
Physical constraint file: IO_Bus.pcf
Device,package,speed:     xc6slx16,csg324,C,-3 (PRODUCTION 1.23 2013-10-13)
Report level:             verbose report

Environment Variable      Effect 
--------------------      ------ 
NONE                      No environment variables were set
--------------------------------------------------------------------------------

INFO:Timing:2698 - No timing constraints found, doing default enumeration.
INFO:Timing:3412 - To improve timing, see the Timing Closure User Guide (UG612).
INFO:Timing:2752 - To get complete path coverage, use the unconstrained paths 
   option. All paths that are not constrained will be reported in the 
   unconstrained paths section(s) of the report.
INFO:Timing:3339 - The clock-to-out numbers in this timing report are based on 
   a 50 Ohm transmission line loading model.  For the details of this model, 
   and for more information on accounting for different loading conditions, 
   please see the device datasheet.



Data Sheet report:
-----------------
All values displayed in nanoseconds (ns)

Setup/Hold to clock CLK
------------+------------+------------+------------+------------+------------------+--------+
            |Max Setup to|  Process   |Max Hold to |  Process   |                  | Clock  |
Source      | clk (edge) |   Corner   | clk (edge) |   Corner   |Internal Clock(s) | Phase  |
------------+------------+------------+------------+------------+------------------+--------+
RESET       |    5.605(R)|      SLOW  |   -1.030(R)|      FAST  |CLK_BUFGP         |   0.000|
------------+------------+------------+------------+------------+------------------+--------+

Clock CLK to Pad
------------+-----------------+------------+-----------------+------------+------------------+--------+
            |Max (slowest) clk|  Process   |Min (fastest) clk|  Process   |                  | Clock  |
Destination |  (edge) to PAD  |   Corner   |  (edge) to PAD  |   Corner   |Internal Clock(s) | Phase  |
------------+-----------------+------------+-----------------+------------+------------------+--------+
CAn         |         6.865(R)|      SLOW  |         3.519(R)|      FAST  |CLK_BUFGP         |   0.000|
CBn         |         7.027(R)|      SLOW  |         3.617(R)|      FAST  |CLK_BUFGP         |   0.000|
CCn         |         7.236(R)|      SLOW  |         3.768(R)|      FAST  |CLK_BUFGP         |   0.000|
CDn         |         7.254(R)|      SLOW  |         3.742(R)|      FAST  |CLK_BUFGP         |   0.000|
CEn         |         7.216(R)|      SLOW  |         3.763(R)|      FAST  |CLK_BUFGP         |   0.000|
CFn         |         7.233(R)|      SLOW  |         3.765(R)|      FAST  |CLK_BUFGP         |   0.000|
CGn         |         7.433(R)|      SLOW  |         3.863(R)|      FAST  |CLK_BUFGP         |   0.000|
hund_anode  |         6.622(R)|      SLOW  |         3.345(R)|      FAST  |CLK_BUFGP         |   0.000|
ones_anode  |         6.526(R)|      SLOW  |         3.297(R)|      FAST  |CLK_BUFGP         |   0.000|
tens_anode  |         6.897(R)|      SLOW  |         3.513(R)|      FAST  |CLK_BUFGP         |   0.000|
------------+-----------------+------------+-----------------+------------+------------------+--------+

Clock to Setup on destination clock CLK
---------------+---------+---------+---------+---------+
               | Src:Rise| Src:Fall| Src:Rise| Src:Fall|
Source Clock   |Dest:Rise|Dest:Rise|Dest:Fall|Dest:Fall|
---------------+---------+---------+---------+---------+
CLK            |    2.496|         |         |         |
---------------+---------+---------+---------+---------+


Analysis completed Tue Dec 08 16:39:39 2015 
--------------------------------------------------------------------------------

Trace Settings:
-------------------------
Trace Settings 

Peak Memory Usage: 217 MB



